<?xml version="1.0" encoding="UTF-8"?>
<!-- Generated by org.testng.reporters.JUnitXMLReporter -->
<testsuite ignored="0" hostname="Jeeva" failures="4" tests="5" name="Test" time="106.094" errors="0" timestamp="2024-08-27T15:53:00 IST">
  <testcase classname="com.Scenario1.ScriptForLogInLogOut" name="testDataDriven" time="12.667"/>
  <testcase classname="com.Scenario1.ScriptForLogInLogOut" name="testDataDriven" time="22.52">
    <failure type="java.lang.AssertionError" message="Test fail Url not Matched expected [true] but found [false]">
      <![CDATA[java.lang.AssertionError: Test fail Url not Matched expected [true] but found [false]
at com.Scenario1.ScriptForLogInLogOut.testDataDriven(ScriptForLogInLogOut.java:46)
at java.base/java.util.ArrayList.forEach(ArrayList.java:1511)
... Removed 30 stack frames]]>
    </failure>
  </testcase> <!-- testDataDriven -->
  <testcase classname="com.Scenario1.ScriptForLogInLogOut" name="testDataDriven" time="24.972">
    <failure type="java.lang.AssertionError" message="Test fail Url not Matched expected [true] but found [false]">
      <![CDATA[java.lang.AssertionError: Test fail Url not Matched expected [true] but found [false]
at com.Scenario1.ScriptForLogInLogOut.testDataDriven(ScriptForLogInLogOut.java:46)
at java.base/java.util.ArrayList.forEach(ArrayList.java:1511)
... Removed 30 stack frames]]>
    </failure>
  </testcase> <!-- testDataDriven -->
  <testcase classname="com.Scenario1.ScriptForLogInLogOut" name="testDataDriven" time="23.312">
    <failure type="java.lang.AssertionError" message="Test fail Url not Matched expected [true] but found [false]">
      <![CDATA[java.lang.AssertionError: Test fail Url not Matched expected [true] but found [false]
at com.Scenario1.ScriptForLogInLogOut.testDataDriven(ScriptForLogInLogOut.java:46)
at java.base/java.util.ArrayList.forEach(ArrayList.java:1511)
... Removed 30 stack frames]]>
    </failure>
  </testcase> <!-- testDataDriven -->
  <testcase classname="com.Scenario1.ScriptForLogInLogOut" name="testDataDriven" time="22.07">
    <failure type="java.lang.AssertionError" message="Test fail Url not Matched expected [true] but found [false]">
      <![CDATA[java.lang.AssertionError: Test fail Url not Matched expected [true] but found [false]
at com.Scenario1.ScriptForLogInLogOut.testDataDriven(ScriptForLogInLogOut.java:46)
at java.base/java.util.ArrayList.forEach(ArrayList.java:1511)
... Removed 30 stack frames]]>
    </failure>
  </testcase> <!-- testDataDriven -->
</testsuite> <!-- Test -->
